2023-05-07 20:32:21.468  INFO 46232 --- [SpringApplicationShutdownHook] j.LocalContainerEntityManagerFactoryBean : Closing JPA EntityManagerFactory for persistence unit 'default'
2023-05-07 20:32:21.548  INFO 46232 --- [SpringApplicationShutdownHook] com.zaxxer.hikari.HikariDataSource       : HikariPool-1 - Shutdown initiated...
2023-05-07 20:32:21.566  INFO 46232 --- [SpringApplicationShutdownHook] com.zaxxer.hikari.HikariDataSource       : HikariPool-1 - Shutdown completed.
2023-05-07 20:32:25.345  INFO 44740 --- [restartedMain] .s.b.d.SpringBootSecurityDemoApplication : Starting SpringBootSecurityDemoApplication using Java 19.0.2 on lan with PID 44740 (C:\PoektyKata\3_1_42\target\classes started by svn13 in C:\PoektyKata\3_1_42)
2023-05-07 20:32:25.348  INFO 44740 --- [restartedMain] .s.b.d.SpringBootSecurityDemoApplication : No active profile set, falling back to default profiles: default
2023-05-07 20:32:25.408  INFO 44740 --- [restartedMain] .e.DevToolsPropertyDefaultsPostProcessor : Devtools property defaults active! Set 'spring.devtools.add-properties' to 'false' to disable
2023-05-07 20:32:25.409  INFO 44740 --- [restartedMain] .e.DevToolsPropertyDefaultsPostProcessor : For additional web related logging consider setting the 'logging.level.web' property to 'DEBUG'
2023-05-07 20:32:26.092  INFO 44740 --- [restartedMain] .s.d.r.c.RepositoryConfigurationDelegate : Bootstrapping Spring Data JPA repositories in DEFAULT mode.
2023-05-07 20:32:26.139  INFO 44740 --- [restartedMain] .s.d.r.c.RepositoryConfigurationDelegate : Finished Spring Data repository scanning in 39 ms. Found 2 JPA repository interfaces.
2023-05-07 20:32:26.574  INFO 44740 --- [restartedMain] o.s.b.w.embedded.tomcat.TomcatWebServer  : Tomcat initialized with port(s): 8080 (http)
2023-05-07 20:32:26.581  INFO 44740 --- [restartedMain] o.apache.catalina.core.StandardService   : Starting service [Tomcat]
2023-05-07 20:32:26.582  INFO 44740 --- [restartedMain] org.apache.catalina.core.StandardEngine  : Starting Servlet engine: [Apache Tomcat/9.0.56]
2023-05-07 20:32:26.651  INFO 44740 --- [restartedMain] o.a.c.c.C.[Tomcat].[localhost].[/]       : Initializing Spring embedded WebApplicationContext
2023-05-07 20:32:26.651  INFO 44740 --- [restartedMain] w.s.c.ServletWebServerApplicationContext : Root WebApplicationContext: initialization completed in 1242 ms
2023-05-07 20:32:26.789  INFO 44740 --- [restartedMain] o.hibernate.jpa.internal.util.LogHelper  : HHH000204: Processing PersistenceUnitInfo [name: default]
2023-05-07 20:32:26.840  INFO 44740 --- [restartedMain] org.hibernate.Version                    : HHH000412: Hibernate ORM core version 5.6.3.Final
2023-05-07 20:32:26.982  INFO 44740 --- [restartedMain] o.hibernate.annotations.common.Version   : HCANN000001: Hibernate Commons Annotations {5.1.2.Final}
2023-05-07 20:32:27.066  INFO 44740 --- [restartedMain] com.zaxxer.hikari.HikariDataSource       : HikariPool-1 - Starting...
2023-05-07 20:32:27.269  INFO 44740 --- [restartedMain] com.zaxxer.hikari.HikariDataSource       : HikariPool-1 - Start completed.
2023-05-07 20:32:27.284  INFO 44740 --- [restartedMain] org.hibernate.dialect.Dialect            : HHH000400: Using dialect: org.hibernate.dialect.PostgreSQL95Dialect
2023-05-07 20:32:27.983  INFO 44740 --- [restartedMain] o.h.e.t.j.p.i.JtaPlatformInitiator       : HHH000490: Using JtaPlatform implementation: [org.hibernate.engine.transaction.jta.platform.internal.NoJtaPlatform]
2023-05-07 20:32:27.989  INFO 44740 --- [restartedMain] j.LocalContainerEntityManagerFactoryBean : Initialized JPA EntityManagerFactory for persistence unit 'default'
2023-05-07 20:32:28.279  WARN 44740 --- [restartedMain] JpaBaseConfiguration$JpaWebConfiguration : spring.jpa.open-in-view is enabled by default. Therefore, database queries may be performed during view rendering. Explicitly configure spring.jpa.open-in-view to disable this warning
2023-05-07 20:32:28.398  INFO 44740 --- [restartedMain] o.s.s.web.DefaultSecurityFilterChain     : Will secure any request with [org.springframework.security.web.context.request.async.WebAsyncManagerIntegrationFilter@5045b7cf, org.springframework.security.web.context.SecurityContextPersistenceFilter@6db88b7f, org.springframework.security.web.header.HeaderWriterFilter@807651, org.springframework.security.web.csrf.CsrfFilter@bbb0b0f, org.springframework.security.web.authentication.logout.LogoutFilter@1356188c, org.springframework.security.web.authentication.UsernamePasswordAuthenticationFilter@2c3ed725, org.springframework.security.web.savedrequest.RequestCacheAwareFilter@e6660b1, org.springframework.security.web.servletapi.SecurityContextHolderAwareRequestFilter@7846b43, org.springframework.security.web.authentication.AnonymousAuthenticationFilter@617f41a1, org.springframework.security.web.session.SessionManagementFilter@4d482b63, org.springframework.security.web.access.ExceptionTranslationFilter@68734464, org.springframework.security.web.access.intercept.FilterSecurityInterceptor@1342ca7f]
2023-05-07 20:32:28.525  INFO 44740 --- [restartedMain] o.s.b.a.w.s.WelcomePageHandlerMapping    : Adding welcome page template: index
2023-05-07 20:32:28.639  INFO 44740 --- [restartedMain] o.s.b.d.a.OptionalLiveReloadServer       : LiveReload server is running on port 35729
2023-05-07 20:32:28.680  INFO 44740 --- [restartedMain] o.s.b.w.embedded.tomcat.TomcatWebServer  : Tomcat started on port(s): 8080 (http) with context path ''
2023-05-07 20:32:28.822  INFO 44740 --- [restartedMain] .s.b.d.SpringBootSecurityDemoApplication : Started SpringBootSecurityDemoApplication in 3.93 seconds (JVM running for 4.656)
2023-05-07 20:32:33.715  INFO 44740 --- [http-nio-8080-exec-1] o.a.c.c.C.[Tomcat].[localhost].[/]       : Initializing Spring DispatcherServlet 'dispatcherServlet'
2023-05-07 20:32:33.715  INFO 44740 --- [http-nio-8080-exec-1] o.s.web.servlet.DispatcherServlet        : Initializing Servlet 'dispatcherServlet'
2023-05-07 20:32:33.716  INFO 44740 --- [http-nio-8080-exec-1] o.s.web.servlet.DispatcherServlet        : Completed initialization in 1 ms
2023-05-07 20:34:11.574  INFO 44740 --- [SpringApplicationShutdownHook] j.LocalContainerEntityManagerFactoryBean : Closing JPA EntityManagerFactory for persistence unit 'default'
2023-05-07 20:34:11.576  INFO 44740 --- [SpringApplicationShutdownHook] com.zaxxer.hikari.HikariDataSource       : HikariPool-1 - Shutdown initiated...
2023-05-07 20:34:11.578  INFO 44740 --- [SpringApplicationShutdownHook] com.zaxxer.hikari.HikariDataSource       : HikariPool-1 - Shutdown completed.
2023-05-07 20:34:14.933  INFO 50580 --- [restartedMain] .s.b.d.SpringBootSecurityDemoApplication : Starting SpringBootSecurityDemoApplication using Java 19.0.2 on lan with PID 50580 (C:\PoektyKata\3_1_42\target\classes started by svn13 in C:\PoektyKata\3_1_42)
2023-05-07 20:34:14.934  INFO 50580 --- [restartedMain] .s.b.d.SpringBootSecurityDemoApplication : No active profile set, falling back to default profiles: default
2023-05-07 20:34:14.967  INFO 50580 --- [restartedMain] .e.DevToolsPropertyDefaultsPostProcessor : Devtools property defaults active! Set 'spring.devtools.add-properties' to 'false' to disable
2023-05-07 20:34:14.967  INFO 50580 --- [restartedMain] .e.DevToolsPropertyDefaultsPostProcessor : For additional web related logging consider setting the 'logging.level.web' property to 'DEBUG'
2023-05-07 20:34:15.431  INFO 50580 --- [restartedMain] .s.d.r.c.RepositoryConfigurationDelegate : Bootstrapping Spring Data JPA repositories in DEFAULT mode.
2023-05-07 20:34:15.473  INFO 50580 --- [restartedMain] .s.d.r.c.RepositoryConfigurationDelegate : Finished Spring Data repository scanning in 36 ms. Found 2 JPA repository interfaces.
2023-05-07 20:34:15.884  INFO 50580 --- [restartedMain] o.s.b.w.embedded.tomcat.TomcatWebServer  : Tomcat initialized with port(s): 8080 (http)
2023-05-07 20:34:15.891  INFO 50580 --- [restartedMain] o.apache.catalina.core.StandardService   : Starting service [Tomcat]
2023-05-07 20:34:15.892  INFO 50580 --- [restartedMain] org.apache.catalina.core.StandardEngine  : Starting Servlet engine: [Apache Tomcat/9.0.56]
2023-05-07 20:34:15.954  INFO 50580 --- [restartedMain] o.a.c.c.C.[Tomcat].[localhost].[/]       : Initializing Spring embedded WebApplicationContext
2023-05-07 20:34:15.955  INFO 50580 --- [restartedMain] w.s.c.ServletWebServerApplicationContext : Root WebApplicationContext: initialization completed in 988 ms
2023-05-07 20:34:16.096  INFO 50580 --- [restartedMain] o.hibernate.jpa.internal.util.LogHelper  : HHH000204: Processing PersistenceUnitInfo [name: default]
2023-05-07 20:34:16.136  INFO 50580 --- [restartedMain] org.hibernate.Version                    : HHH000412: Hibernate ORM core version 5.6.3.Final
2023-05-07 20:34:16.253  INFO 50580 --- [restartedMain] o.hibernate.annotations.common.Version   : HCANN000001: Hibernate Commons Annotations {5.1.2.Final}
2023-05-07 20:34:16.330  INFO 50580 --- [restartedMain] com.zaxxer.hikari.HikariDataSource       : HikariPool-1 - Starting...
2023-05-07 20:34:16.422  INFO 50580 --- [restartedMain] com.zaxxer.hikari.HikariDataSource       : HikariPool-1 - Start completed.
2023-05-07 20:34:16.436  INFO 50580 --- [restartedMain] org.hibernate.dialect.Dialect            : HHH000400: Using dialect: org.hibernate.dialect.PostgreSQL95Dialect
2023-05-07 20:34:17.050  INFO 50580 --- [restartedMain] o.h.e.t.j.p.i.JtaPlatformInitiator       : HHH000490: Using JtaPlatform implementation: [org.hibernate.engine.transaction.jta.platform.internal.NoJtaPlatform]
2023-05-07 20:34:17.057  INFO 50580 --- [restartedMain] j.LocalContainerEntityManagerFactoryBean : Initialized JPA EntityManagerFactory for persistence unit 'default'
2023-05-07 20:34:17.347  WARN 50580 --- [restartedMain] JpaBaseConfiguration$JpaWebConfiguration : spring.jpa.open-in-view is enabled by default. Therefore, database queries may be performed during view rendering. Explicitly configure spring.jpa.open-in-view to disable this warning
2023-05-07 20:34:17.467  INFO 50580 --- [restartedMain] o.s.s.web.DefaultSecurityFilterChain     : Will secure any request with [org.springframework.security.web.context.request.async.WebAsyncManagerIntegrationFilter@3b432974, org.springframework.security.web.context.SecurityContextPersistenceFilter@50bf4977, org.springframework.security.web.header.HeaderWriterFilter@f0bb65e, org.springframework.security.web.csrf.CsrfFilter@1356188c, org.springframework.security.web.authentication.logout.LogoutFilter@29e71611, org.springframework.security.web.authentication.UsernamePasswordAuthenticationFilter@82fccfd, org.springframework.security.web.savedrequest.RequestCacheAwareFilter@3e76c859, org.springframework.security.web.servletapi.SecurityContextHolderAwareRequestFilter@728ef8d0, org.springframework.security.web.authentication.AnonymousAuthenticationFilter@248401bd, org.springframework.security.web.session.SessionManagementFilter@55b63036, org.springframework.security.web.access.ExceptionTranslationFilter@2030310e, org.springframework.security.web.access.intercept.FilterSecurityInterceptor@7ff19282]
2023-05-07 20:34:17.593  INFO 50580 --- [restartedMain] o.s.b.a.w.s.WelcomePageHandlerMapping    : Adding welcome page template: index
2023-05-07 20:34:17.701  INFO 50580 --- [restartedMain] o.s.b.d.a.OptionalLiveReloadServer       : LiveReload server is running on port 35729
2023-05-07 20:34:17.742  INFO 50580 --- [restartedMain] o.s.b.w.embedded.tomcat.TomcatWebServer  : Tomcat started on port(s): 8080 (http) with context path ''
2023-05-07 20:34:17.874  INFO 50580 --- [restartedMain] .s.b.d.SpringBootSecurityDemoApplication : Started SpringBootSecurityDemoApplication in 3.221 seconds (JVM running for 3.749)
2023-05-07 20:34:26.742  INFO 50580 --- [http-nio-8080-exec-1] o.a.c.c.C.[Tomcat].[localhost].[/]       : Initializing Spring DispatcherServlet 'dispatcherServlet'
2023-05-07 20:34:26.742  INFO 50580 --- [http-nio-8080-exec-1] o.s.web.servlet.DispatcherServlet        : Initializing Servlet 'dispatcherServlet'
2023-05-07 20:34:26.743  INFO 50580 --- [http-nio-8080-exec-1] o.s.web.servlet.DispatcherServlet        : Completed initialization in 1 ms
